#
# There is insufficient memory for the Java Runtime Environment to continue.
# Native memory allocation (malloc) failed to allocate 32744 bytes for ChunkPool::allocate
# Possible reasons:
#   The system is out of physical RAM or swap space
#   The process is running with CompressedOops enabled, and the Java Heap may be blocking the growth of the native heap
# Possible solutions:
#   Reduce memory load on the system
#   Increase physical memory or swap space
#   Check if swap backing store is full
#   Decrease Java heap size (-Xmx/-Xms)
#   Decrease number of Java threads
#   Decrease Java thread stack sizes (-Xss)
#   Set larger code cache with -XX:ReservedCodeCacheSize=
#   JVM is running with Unscaled Compressed Oops mode in which the Java heap is
#     placed in the first 4GB address space. The Java Heap base address is the
#     maximum limit for the native heap growth. Please use -XX:HeapBaseMinAddress
#     to set the Java Heap base and to place the Java Heap above 4GB virtual address.
# This output file may be truncated or incomplete.
#
#  Out of Memory Error (allocation.cpp:272), pid=7796, tid=0x0000000000000eac
#
# JRE version: OpenJDK Runtime Environment (8.0_202-b03) (build 1.8.0_202-release-1483-b03)
# Java VM: OpenJDK 64-Bit Server VM (25.202-b03 mixed mode windows-amd64 compressed oops)
# Failed to write core dump. Minidumps are not enabled by default on client versions of Windows
#

---------------  T H R E A D  ---------------

Current thread (0x000000001851d800):  JavaThread "C2 CompilerThread0" daemon [_thread_in_native, id=3756, stack(0x0000000018de0000,0x0000000018ee0000)]

Stack: [0x0000000018de0000,0x0000000018ee0000]
[error occurred during error reporting (printing stack bounds), id 0xc0000005]

Native frames: (J=compiled Java code, j=interpreted, Vv=VM code, C=native code)


Current CompileTask:
C2: 511732 23511  s    4       java.beans.PropertyDescriptor::setReadMethod (64 bytes)


---------------  P R O C E S S  ---------------

Java Threads: ( => current thread )
  0x0000000020426800 JavaThread "Cache worker for cache directory md-rule (C:\Users\madha\.gradle\caches\5.4.1\md-rule)" [_thread_blocked, id=9064, stack(0x00000000358e0000,0x00000000359e0000)]
  0x0000000020425000 JavaThread "Cache worker for cache directory md-supplier (C:\Users\madha\.gradle\caches\5.4.1\md-supplier)" [_thread_blocked, id=8512, stack(0x00000000357e0000,0x00000000358e0000)]
  0x0000000020426000 JavaThread "Cache worker for file hash cache (D:\My Projects\LetsBunk\.gradle\5.4.1\fileHashes)" [_thread_blocked, id=10572, stack(0x00000000356e0000,0x00000000357e0000)]
  0x000000002041f000 JavaThread "Thread-153" [_thread_blocked, id=7520, stack(0x00000000355e0000,0x00000000356e0000)]
  0x0000000020424800 JavaThread "Stdin handler" [_thread_blocked, id=4700, stack(0x00000000354e0000,0x00000000355e0000)]
  0x0000000020423800 JavaThread "Asynchronous log dispatcher for DefaultDaemonConnection: socket connection from /127.0.0.1:61679 to /127.0.0.1:62167" [_thread_blocked, id=15392, stack(0x00000000353e0000,0x00000000354e0000)]
  0x0000000020420800 JavaThread "Cancel handler" [_thread_blocked, id=12244, stack(0x00000000352e0000,0x00000000353e0000)]
  0x0000000020423000 JavaThread "Handler for socket connection from /127.0.0.1:61679 to /127.0.0.1:62167" [_thread_in_native, id=12488, stack(0x00000000351e0000,0x00000000352e0000)]
  0x000000002042e800 JavaThread "Cache worker for Java compile cache (C:\Users\madha\.gradle\caches\5.4.1\javaCompile)" [_thread_blocked, id=5552, stack(0x000000002d070000,0x000000002d170000)]
  0x000000001c6c2800 JavaThread "MarlinRenderer Disposer" daemon [_thread_blocked, id=7316, stack(0x000000002bd70000,0x000000002be70000)]
  0x000000001c6be000 JavaThread "Java2D Disposer" daemon [_thread_blocked, id=32, stack(0x000000002bc70000,0x000000002bd70000)]
  0x000000001ea13000 JavaThread "Cache worker for file content cache (C:\Users\madha\.gradle\caches\5.4.1\fileContent)" [_thread_blocked, id=10776, stack(0x00000000287d0000,0x00000000288d0000)]
  0x000000001a0af800 JavaThread "Daemon worker Thread 3" [_thread_in_vm, id=16340, stack(0x00000000277d0000,0x00000000278d0000)]
  0x000000001a0ac000 JavaThread "Daemon Thread 3" [_thread_blocked, id=12568, stack(0x00000000274d0000,0x00000000275d0000)]
  0x000000001a0b8000 JavaThread "Memory manager" [_thread_blocked, id=16212, stack(0x00000000243b0000,0x00000000244b0000)]
  0x000000001a0af000 JavaThread "Cache worker for execution history cache (C:\Users\madha\.gradle\caches\5.4.1\executionHistory)" [_thread_blocked, id=1080, stack(0x00000000214c0000,0x00000000215c0000)]
  0x0000000018530000 JavaThread "Cache worker for journal cache (C:\Users\madha\.gradle\caches\journal-1)" [_thread_blocked, id=13788, stack(0x000000001c130000,0x000000001c230000)]
  0x000000001852d000 JavaThread "File lock request listener" [_thread_in_native, id=12928, stack(0x000000001c030000,0x000000001c130000)]
  0x000000001a8a2800 JavaThread "Cache worker for file hash cache (C:\Users\madha\.gradle\caches\5.4.1\fileHashes)" [_thread_blocked, id=13944, stack(0x000000001bf30000,0x000000001c030000)]
  0x0000000019569000 JavaThread "Daemon periodic checks" [_thread_blocked, id=11324, stack(0x000000001b430000,0x000000001b530000)]
  0x00000000195a3000 JavaThread "Incoming local TCP Connector on port 61679" [_thread_in_native, id=13592, stack(0x000000001b1f0000,0x000000001b2f0000)]
  0x000000001a744000 JavaThread "Daemon health stats" [_thread_blocked, id=10104, stack(0x000000001abb0000,0x000000001acb0000)]
  0x00000000185b8800 JavaThread "Service Thread" daemon [_thread_blocked, id=11812, stack(0x00000000191e0000,0x00000000192e0000)]
  0x000000001852e800 JavaThread "C1 CompilerThread3" daemon [_thread_blocked, id=15996, stack(0x00000000190e0000,0x00000000191e0000)]
  0x000000001670a800 JavaThread "C2 CompilerThread2" daemon [_thread_blocked, id=11100, stack(0x0000000018fe0000,0x00000000190e0000)]
  0x0000000018522800 JavaThread "C2 CompilerThread1" daemon [_thread_in_native, id=348, stack(0x0000000018ee0000,0x0000000018fe0000)]
=>0x000000001851d800 JavaThread "C2 CompilerThread0" daemon [_thread_in_native, id=3756, stack(0x0000000018de0000,0x0000000018ee0000)]
  0x000000001851c000 JavaThread "Attach Listener" daemon [_thread_blocked, id=7100, stack(0x0000000018ce0000,0x0000000018de0000)]
  0x0000000018526000 JavaThread "Signal Dispatcher" daemon [_thread_blocked, id=11860, stack(0x0000000018be0000,0x0000000018ce0000)]
  0x000000000293d800 JavaThread "Finalizer" daemon [_thread_blocked, id=2796, stack(0x00000000189f0000,0x0000000018af0000)]
  0x00000000166fc000 JavaThread "Reference Handler" daemon [_thread_blocked, id=8712, stack(0x00000000188f0000,0x00000000189f0000)]
  0x000000000283d800 JavaThread "main" [_thread_blocked, id=13420, stack(0x0000000002650000,0x0000000002750000)]

Other Threads:
  0x00000000166f7800 VMThread [stack: 0x00000000183f0000,0x00000000184f0000] [id=13068]
  0x00000000185b9800 WatcherThread [stack: 0x00000000192e0000,0x00000000193e0000] [id=10568]

VM state:not at safepoint (normal execution)

VM Mutex/Monitor currently owned by a thread: None

OutOfMemory and StackOverflow Exception counts:
OutOfMemoryError java_heap_errors=4

heap address: 0x00000000a0000000, size: 1536 MB, Compressed Oops mode: 32-bit
Narrow klass base: 0x0000000000000000, Narrow klass shift: 3
Compressed class space size: 1073741824 Address: 0x0000000100000000

Heap:
 PSYoungGen      total 487936K, used 76065K [0x00000000e0000000, 0x0000000100000000, 0x0000000100000000)
  eden space 458752K, 10% used [0x00000000e0000000,0x00000000e2dd28c0,0x00000000fc000000)
  from space 29184K, 99% used [0x00000000fc000000,0x00000000fdc75d08,0x00000000fdc80000)
  to   space 35840K, 0% used [0x00000000fdd00000,0x00000000fdd00000,0x0000000100000000)
 ParOldGen       total 305152K, used 210850K [0x00000000a0000000, 0x00000000b2a00000, 0x00000000e0000000)
  object space 305152K, 69% used [0x00000000a0000000,0x00000000acde88a0,0x00000000b2a00000)
 Metaspace       used 99999K, capacity 105148K, committed 105432K, reserved 1140736K
  class space    used 12786K, capacity 13771K, committed 13824K, reserved 1048576K

Card table byte_map: [0x0000000011d00000,0x0000000012010000] byte_map_base: 0x0000000011800000

Marking Bits: (ParMarkBitMap*) 0x00000000664f9f30
 Begin Bits: [0x0000000012a10000, 0x0000000014210000)
 End Bits:   [0x0000000014210000, 0x0000000015a10000)

Polling page: 0x00000000007d0000

CodeCache: size=245760Kb used=66206Kb max_used=66221Kb free=179553Kb
 bounds [0x0000000002940000, 0x0000000006a50000, 0x0000000011940000]
 total_blobs=19205 nmethods=18206 adapters=910
 compilation: enabled

Compilation events (10 events):
Event: 511.345 Thread 0x000000001852e800 23508       3       org.gradle.api.internal.artifacts.DefaultResolverResults::getVisitedArtifacts (9 bytes)
Event: 511.346 Thread 0x000000001852e800 nmethod 23508 0x0000000006a3a4d0 code [0x0000000006a3a660, 0x0000000006a3a9c8]
Event: 511.390 Thread 0x000000001670a800 23509       4       java.lang.Integer::getChars (131 bytes)
Event: 511.390 Thread 0x0000000018522800 23510       4       groovy.lang.MetaMethod::getMopName (105 bytes)
Event: 511.394 Thread 0x000000001851d800 23512       4       org.codehaus.groovy.util.ComplexKeyHashMap::resize (103 bytes)
Event: 511.395 Thread 0x000000001852e800 23513       3       sun.misc.JarIndex::getJarIndex (43 bytes)
Event: 511.398 Thread 0x000000001852e800 nmethod 23513 0x0000000006a39250 code [0x0000000006a39460, 0x0000000006a39f18]
Event: 511.435 Thread 0x000000001851d800 nmethod 23512 0x0000000006a38d10 code [0x0000000006a38e60, 0x0000000006a390d8]
Event: 511.435 Thread 0x000000001851d800 23511  s    4       java.beans.PropertyDescriptor::setReadMethod (64 bytes)
Event: 511.449 Thread 0x000000001670a800 nmethod 23509 0x0000000006a382d0 code [0x0000000006a38420, 0x0000000006a38ab8]

GC Heap History (10 events):
Event: 426.434 GC heap before
{Heap before GC invocations=45 (full 4):
 PSYoungGen      total 476672K, used 454530K [0x00000000e0000000, 0x00000000ff880000, 0x0000000100000000)
  eden space 444928K, 100% used [0x00000000e0000000,0x00000000fb280000,0x00000000fb280000)
  from space 31744K, 30% used [0x00000000fd980000,0x00000000fe2e0a38,0x00000000ff880000)
  to   space 35840K, 0% used [0x00000000fb280000,0x00000000fb280000,0x00000000fd580000)
 ParOldGen       total 305152K, used 178001K [0x00000000a0000000, 0x00000000b2a00000, 0x00000000e0000000)
  object space 305152K, 58% used [0x00000000a0000000,0x00000000aadd4740,0x00000000b2a00000)
 Metaspace       used 88581K, capacity 92358K, committed 92632K, reserved 1130496K
  class space    used 11235K, capacity 11941K, committed 12032K, reserved 1048576K
Event: 426.461 GC heap after
Heap after GC invocations=45 (full 4):
 PSYoungGen      total 480768K, used 16139K [0x00000000e0000000, 0x0000000100000000, 0x0000000100000000)
  eden space 444928K, 0% used [0x00000000e0000000,0x00000000e0000000,0x00000000fb280000)
  from space 35840K, 45% used [0x00000000fb280000,0x00000000fc242f58,0x00000000fd580000)
  to   space 33792K, 0% used [0x00000000fdf00000,0x00000000fdf00000,0x0000000100000000)
 ParOldGen       total 305152K, used 183153K [0x00000000a0000000, 0x00000000b2a00000, 0x00000000e0000000)
  object space 305152K, 60% used [0x00000000a0000000,0x00000000ab2dc740,0x00000000b2a00000)
 Metaspace       used 88581K, capacity 92358K, committed 92632K, reserved 1130496K
  class space    used 11235K, capacity 11941K, committed 12032K, reserved 1048576K
}
Event: 427.661 GC heap before
{Heap before GC invocations=46 (full 4):
 PSYoungGen      total 480768K, used 461067K [0x00000000e0000000, 0x0000000100000000, 0x0000000100000000)
  eden space 444928K, 100% used [0x00000000e0000000,0x00000000fb280000,0x00000000fb280000)
  from space 35840K, 45% used [0x00000000fb280000,0x00000000fc242f58,0x00000000fd580000)
  to   space 33792K, 0% used [0x00000000fdf00000,0x00000000fdf00000,0x0000000100000000)
 ParOldGen       total 305152K, used 183153K [0x00000000a0000000, 0x00000000b2a00000, 0x00000000e0000000)
  object space 305152K, 60% used [0x00000000a0000000,0x00000000ab2dc740,0x00000000b2a00000)
 Metaspace       used 88626K, capacity 92370K, committed 92632K, reserved 1130496K
  class space    used 11238K, capacity 11943K, committed 12032K, reserved 1048576K
Event: 427.688 GC heap after
Heap after GC invocations=46 (full 4):
 PSYoungGen      total 485376K, used 8256K [0x00000000e0000000, 0x00000000ffd00000, 0x0000000100000000)
  eden space 454656K, 0% used [0x00000000e0000000,0x00000000e0000000,0x00000000fbc00000)
  from space 30720K, 26% used [0x00000000fdf00000,0x00000000fe710030,0x00000000ffd00000)
  to   space 33280K, 0% used [0x00000000fbc00000,0x00000000fbc00000,0x00000000fdc80000)
 ParOldGen       total 305152K, used 197161K [0x00000000a0000000, 0x00000000b2a00000, 0x00000000e0000000)
  object space 305152K, 64% used [0x00000000a0000000,0x00000000ac08a7b0,0x00000000b2a00000)
 Metaspace       used 88626K, capacity 92370K, committed 92632K, reserved 1130496K
  class space    used 11238K, capacity 11943K, committed 12032K, reserved 1048576K
}
Event: 429.159 GC heap before
{Heap before GC invocations=47 (full 4):
 PSYoungGen      total 485376K, used 462912K [0x00000000e0000000, 0x00000000ffd00000, 0x0000000100000000)
  eden space 454656K, 100% used [0x00000000e0000000,0x00000000fbc00000,0x00000000fbc00000)
  from space 30720K, 26% used [0x00000000fdf00000,0x00000000fe710030,0x00000000ffd00000)
  to   space 33280K, 0% used [0x00000000fbc00000,0x00000000fbc00000,0x00000000fdc80000)
 ParOldGen       total 305152K, used 197161K [0x00000000a0000000, 0x00000000b2a00000, 0x00000000e0000000)
  object space 305152K, 64% used [0x00000000a0000000,0x00000000ac08a7b0,0x00000000b2a00000)
 Metaspace       used 88719K, capacity 92434K, committed 92632K, reserved 1130496K
  class space    used 11248K, capacity 11943K, committed 12032K, reserved 1048576K
Event: 429.198 GC heap after
Heap after GC invocations=47 (full 4):
 PSYoungGen      total 487936K, used 9680K [0x00000000e0000000, 0x0000000100000000, 0x0000000100000000)
  eden space 454656K, 0% used [0x00000000e0000000,0x00000000e0000000,0x00000000fbc00000)
  from space 33280K, 29% used [0x00000000fbc00000,0x00000000fc5740e0,0x00000000fdc80000)
  to   space 32256K, 0% used [0x00000000fe080000,0x00000000fe080000,0x0000000100000000)
 ParOldGen       total 305152K, used 201433K [0x00000000a0000000, 0x00000000b2a00000, 0x00000000e0000000)
  object space 305152K, 66% used [0x00000000a0000000,0x00000000ac4b67f0,0x00000000b2a00000)
 Metaspace       used 88719K, capacity 92434K, committed 92632K, reserved 1130496K
  class space    used 11248K, capacity 11943K, committed 12032K, reserved 1048576K
}
Event: 444.082 GC heap before
{Heap before GC invocations=48 (full 4):
 PSYoungGen      total 487936K, used 460679K [0x00000000e0000000, 0x0000000100000000, 0x0000000100000000)
  eden space 454656K, 99% used [0x00000000e0000000,0x00000000fb86ddc8,0x00000000fbc00000)
  from space 33280K, 29% used [0x00000000fbc00000,0x00000000fc5740e0,0x00000000fdc80000)
  to   space 32256K, 0% used [0x00000000fe080000,0x00000000fe080000,0x0000000100000000)
 ParOldGen       total 305152K, used 201433K [0x00000000a0000000, 0x00000000b2a00000, 0x00000000e0000000)
  object space 305152K, 66% used [0x00000000a0000000,0x00000000ac4b67f0,0x00000000b2a00000)
 Metaspace       used 89842K, capacity 93782K, committed 94040K, reserved 1130496K
  class space    used 11385K, capacity 12139K, committed 12160K, reserved 1048576K
Event: 444.108 GC heap after
Heap after GC invocations=48 (full 4):
 PSYoungGen      total 488960K, used 6818K [0x00000000e0000000, 0x00000000ffe00000, 0x0000000100000000)
  eden space 458752K, 0% used [0x00000000e0000000,0x00000000e0000000,0x00000000fc000000)
  from space 30208K, 22% used [0x00000000fe080000,0x00000000fe728820,0x00000000ffe00000)
  to   space 31744K, 0% used [0x00000000fc000000,0x00000000fc000000,0x00000000fdf00000)
 ParOldGen       total 305152K, used 209170K [0x00000000a0000000, 0x00000000b2a00000, 0x00000000e0000000)
  object space 305152K, 68% used [0x00000000a0000000,0x00000000acc44890,0x00000000b2a00000)
 Metaspace       used 89842K, capacity 93782K, committed 94040K, reserved 1130496K
  class space    used 11385K, capacity 12139K, committed 12160K, reserved 1048576K
}
Event: 507.780 GC heap before
{Heap before GC invocations=49 (full 4):
 PSYoungGen      total 488960K, used 465570K [0x00000000e0000000, 0x00000000ffe00000, 0x0000000100000000)
  eden space 458752K, 100% used [0x00000000e0000000,0x00000000fc000000,0x00000000fc000000)
  from space 30208K, 22% used [0x00000000fe080000,0x00000000fe728820,0x00000000ffe00000)
  to   space 31744K, 0% used [0x00000000fc000000,0x00000000fc000000,0x00000000fdf00000)
 ParOldGen       total 305152K, used 209170K [0x00000000a0000000, 0x00000000b2a00000, 0x00000000e0000000)
  object space 305152K, 68% used [0x00000000a0000000,0x00000000acc44890,0x00000000b2a00000)
 Metaspace       used 99865K, capacity 104886K, committed 105176K, reserved 1140736K
  class space    used 12779K, capacity 13759K, committed 13824K, reserved 1048576K
Event: 507.838 GC heap after
Heap after GC invocations=49 (full 4):
 PSYoungGen      total 487936K, used 29143K [0x00000000e0000000, 0x0000000100000000, 0x0000000100000000)
  eden space 458752K, 0% used [0x00000000e0000000,0x00000000e0000000,0x00000000fc000000)
  from space 29184K, 99% used [0x00000000fc000000,0x00000000fdc75d08,0x00000000fdc80000)
  to   space 35840K, 0% used [0x00000000fdd00000,0x00000000fdd00000,0x0000000100000000)
 ParOldGen       total 305152K, used 210850K [0x00000000a0000000, 0x00000000b2a00000, 0x00000000e0000000)
  object space 305152K, 69% used [0x00000000a0000000,0x00000000acde88a0,0x00000000b2a00000)
 Metaspace       used 99865K, capacity 104886K, committed 105176K, reserved 1140736K
  class space    used 12779K, capacity 13759K, committed 13824K, reserved 1048576K
}

Deoptimization events (10 events):
Event: 500.060 Thread 0x000000001a0af800 Uncommon trap: reason=unstable_if action=reinterpret pc=0x0000000002ac8e00 method=java.util.concurrent.locks.ReentrantLock$Sync.nonfairTryAcquire(I)Z @ 19
Event: 500.064 Thread 0x000000001a0af800 Uncommon trap: reason=unstable_if action=reinterpret pc=0x000000000330aa30 method=com.google.common.cache.LocalCache$Segment.expireEntries(J)V @ 84
Event: 500.451 Thread 0x000000001a0af800 Uncommon trap: reason=unstable_if action=reinterpret pc=0x000000000672a438 method=groovy.lang.MetaClassImpl.filterPropertyMethod(Ljava/lang/Object;ZZ)Ljava/lang/Object; @ 153
Event: 507.450 Thread 0x000000001ea0f000 Uncommon trap: reason=class_check action=maybe_recompile pc=0x0000000005ab6e30 method=org.gradle.internal.operations.logging.LoggingBuildOperationProgressBroadcaster.onOutput(Lorg/gradle/internal/logging/events/OutputEvent;)V @ 8
Event: 507.490 Thread 0x000000001a0af800 Uncommon trap: reason=unstable_if action=reinterpret pc=0x0000000006936a1c method=org.codehaus.groovy.reflection.ParameterTypes.correctArguments([Ljava/lang/Object;)[Ljava/lang/Object; @ 60
Event: 507.839 Thread 0x000000001a0af800 Uncommon trap: reason=null_check action=make_not_entrant pc=0x0000000006915798 method=java.lang.ThreadLocal$ThreadLocalMap.getEntryAfterMiss(Ljava/lang/ThreadLocal;ILjava/lang/ThreadLocal$ThreadLocalMap$Entry;)Ljava/lang/ThreadLocal$ThreadLocalMap$Entry; 
Event: 507.840 Thread 0x000000001a0af800 Uncommon trap: reason=null_check action=make_not_entrant pc=0x0000000003aaf9b8 method=java.lang.ThreadLocal$ThreadLocalMap.getEntryAfterMiss(Ljava/lang/ThreadLocal;ILjava/lang/ThreadLocal$ThreadLocalMap$Entry;)Ljava/lang/ThreadLocal$ThreadLocalMap$Entry; 
Event: 507.840 Thread 0x000000001a0af800 Uncommon trap: reason=null_check action=make_not_entrant pc=0x00000000034ec750 method=java.lang.ThreadLocal$ThreadLocalMap.getEntryAfterMiss(Ljava/lang/ThreadLocal;ILjava/lang/ThreadLocal$ThreadLocalMap$Entry;)Ljava/lang/ThreadLocal$ThreadLocalMap$Entry; 
Event: 507.840 Thread 0x000000001a0af800 Uncommon trap: reason=null_check action=make_not_entrant pc=0x0000000003487f94 method=java.lang.ThreadLocal$ThreadLocalMap.getEntryAfterMiss(Ljava/lang/ThreadLocal;ILjava/lang/ThreadLocal$ThreadLocalMap$Entry;)Ljava/lang/ThreadLocal$ThreadLocalMap$Entry; 
Event: 511.438 Thread 0x000000001a0af800 Uncommon trap: reason=unstable_if action=reinterpret pc=0x00000000069f40c0 method=org.gradle.internal.operations.DefaultBuildOperationExecutor$3.stop()V @ 61

Classes redefined (0 events):
No events

Internal exceptions (10 events):
Event: 507.840 Thread 0x000000001a0af800 Implicit null exception at 0x0000000003aaf533 to 0x0000000003aaf995
Event: 507.840 Thread 0x000000001a0af800 Implicit null exception at 0x00000000034ec274 to 0x00000000034ec731
Event: 507.840 Thread 0x000000001a0af800 Implicit null exception at 0x0000000003487ec3 to 0x0000000003487f71
Event: 509.361 Thread 0x000000001a0af800 Exception <a 'sun/nio/fs/WindowsException'> (0x00000000e0f365f8) thrown at [D:\src\AOSP-openjdk-cygwin\jdk8u\hotspot\src\share\vm\prims\jni.cpp, line 710]
Event: 511.391 Thread 0x000000001a0af800 Exception <a 'java/lang/ClassNotFoundException': ijinit_4k1sdt1d8ycx04ejfnp61pjfrBeanInfo> (0x00000000e23ca998) thrown at [D:\src\AOSP-openjdk-cygwin\jdk8u\hotspot\src\share\vm\classfile\systemDictionary.cpp, line 210]
Event: 511.392 Thread 0x000000001a0af800 Exception <a 'java/lang/ClassNotFoundException': ijinit_4k1sdt1d8ycx04ejfnp61pjfrCustomizer> (0x00000000e23d5bb0) thrown at [D:\src\AOSP-openjdk-cygwin\jdk8u\hotspot\src\share\vm\classfile\systemDictionary.cpp, line 210]
Event: 511.438 Thread 0x000000001a0af800 Exception <a 'java/lang/OutOfMemoryError'> (0x00000000e2400188) thrown at [D:\src\AOSP-openjdk-cygwin\jdk8u\hotspot\src\share\vm\prims\jni.cpp, line 736]
Event: 511.438 Thread 0x000000001a0af800 Exception <a 'java/lang/OutOfMemoryError'> (0x00000000e2400188) thrown at [D:\src\AOSP-openjdk-cygwin\jdk8u\hotspot\src\share\vm\prims\jvm.cpp, line 1512]
Event: 511.438 Thread 0x000000001a0af800 Exception <a 'java/lang/OutOfMemoryError'> (0x00000000e2400188) thrown at [D:\src\AOSP-openjdk-cygwin\jdk8u\hotspot\src\share\vm\prims\jvm.cpp, line 1512]
Event: 511.438 Thread 0x000000001a0af800 Exception <a 'java/lang/OutOfMemoryError'> (0x00000000e2400188) thrown at [D:\src\AOSP-openjdk-cygwin\jdk8u\hotspot\src\share\vm\prims\jvm.cpp, line 1512]

Events (10 events):
Event: 511.393 loading class JetGradlePlugin
Event: 511.393 loading class JetGradlePlugin done
Event: 511.438 Thread 0x000000001a0af800 Uncommon trap: trap_request=0xffffff65 fr.pc=0x00000000069f40c0
Event: 511.438 Thread 0x000000001a0af800 DEOPT PACKING pc=0x00000000069f40c0 sp=0x00000000278cc390
Event: 511.438 Thread 0x000000001a0af800 DEOPT UNPACKING pc=0x000000000298557b sp=0x00000000278cc290 mode 2
Event: 511.439 loading class org/gradle/tooling/internal/provider/events/DefaultFailure
Event: 511.439 loading class org/gradle/tooling/internal/provider/events/DefaultFailure done
Event: 511.439 loading class org/gradle/tooling/internal/protocol/InternalFailure
Event: 511.439 loading class org/gradle/tooling/internal/protocol/InternalFailure done
Event: 511.451 Thread 0x000000001670a800 flushing nmethod 0x0000000002bc9b50


Dynamic libraries:
0x00007ff6424b0000 - 0x00007ff6424e1000 	C:\Program Files\Android\Android Studio\jre\bin\java.exe
0x00007ffae8970000 - 0x00007ffae8b51000 	C:\WINDOWS\SYSTEM32\ntdll.dll
0x00007ffae5e90000 - 0x00007ffae5f41000 	C:\WINDOWS\System32\KERNEL32.DLL
0x00007ffae5610000 - 0x00007ffae5883000 	C:\WINDOWS\System32\KERNELBASE.dll
0x00007ffae6b60000 - 0x00007ffae6c01000 	C:\WINDOWS\System32\ADVAPI32.dll
0x00007ffae5fc0000 - 0x00007ffae605e000 	C:\WINDOWS\System32\msvcrt.dll
0x00007ffae6ae0000 - 0x00007ffae6b3b000 	C:\WINDOWS\System32\sechost.dll
0x00007ffae6510000 - 0x00007ffae6634000 	C:\WINDOWS\System32\RPCRT4.dll
0x00007ffae61f0000 - 0x00007ffae6380000 	C:\WINDOWS\System32\USER32.dll
0x00007ffae55f0000 - 0x00007ffae5610000 	C:\WINDOWS\System32\win32u.dll
0x00007ffae83f0000 - 0x00007ffae8418000 	C:\WINDOWS\System32\GDI32.dll
0x00007ffae5450000 - 0x00007ffae55e1000 	C:\WINDOWS\System32\gdi32full.dll
0x00007ffae5af0000 - 0x00007ffae5b8f000 	C:\WINDOWS\System32\msvcp_win.dll
0x00007ffae59f0000 - 0x00007ffae5ae8000 	C:\WINDOWS\System32\ucrtbase.dll
0x00007ffad4f00000 - 0x00007ffad5169000 	C:\WINDOWS\WinSxS\amd64_microsoft.windows.common-controls_6595b64144ccf1df_6.0.17134.950_none_fb3da4273069d3e0\COMCTL32.dll
0x00007ffae67b0000 - 0x00007ffae6ad2000 	C:\WINDOWS\System32\combase.dll
0x00007ffae5d80000 - 0x00007ffae5df9000 	C:\WINDOWS\System32\bcryptPrimitives.dll
0x00007ffae6380000 - 0x00007ffae63ad000 	C:\WINDOWS\System32\IMM32.DLL
0x0000000066ca0000 - 0x0000000066d72000 	C:\Program Files\Android\Android Studio\jre\jre\bin\msvcr100.dll
0x0000000065d30000 - 0x0000000066576000 	C:\Program Files\Android\Android Studio\jre\jre\bin\server\jvm.dll
0x00007ffae61e0000 - 0x00007ffae61e8000 	C:\WINDOWS\System32\PSAPI.DLL
0x00007ffae0fe0000 - 0x00007ffae0fe9000 	C:\WINDOWS\SYSTEM32\WSOCK32.dll
0x00007ffad3270000 - 0x00007ffad327a000 	C:\WINDOWS\SYSTEM32\VERSION.dll
0x00007ffae0f30000 - 0x00007ffae0f53000 	C:\WINDOWS\SYSTEM32\WINMM.dll
0x00007ffae6640000 - 0x00007ffae66ac000 	C:\WINDOWS\System32\WS2_32.dll
0x00007ffae0f00000 - 0x00007ffae0f2a000 	C:\WINDOWS\SYSTEM32\WINMMBASE.dll
0x00007ffae5940000 - 0x00007ffae5989000 	C:\WINDOWS\System32\cfgmgr32.dll
0x00007ffadfc00000 - 0x00007ffadfc0f000 	C:\Program Files\Android\Android Studio\jre\jre\bin\verify.dll
0x00007ffadfb30000 - 0x00007ffadfb59000 	C:\Program Files\Android\Android Studio\jre\jre\bin\java.dll
0x00007ffade8b0000 - 0x00007ffade8c6000 	C:\Program Files\Android\Android Studio\jre\jre\bin\zip.dll
0x00007ffae6c70000 - 0x00007ffae80b0000 	C:\WINDOWS\System32\SHELL32.dll
0x00007ffae8340000 - 0x00007ffae83e9000 	C:\WINDOWS\System32\shcore.dll
0x00007ffae4d40000 - 0x00007ffae544d000 	C:\WINDOWS\System32\windows.storage.dll
0x00007ffae6750000 - 0x00007ffae67a1000 	C:\WINDOWS\System32\shlwapi.dll
0x00007ffae4d20000 - 0x00007ffae4d31000 	C:\WINDOWS\System32\kernel.appcore.dll
0x00007ffae4ca0000 - 0x00007ffae4cbf000 	C:\WINDOWS\System32\profapi.dll
0x00007ffae4cc0000 - 0x00007ffae4d0c000 	C:\WINDOWS\System32\powrprof.dll
0x00007ffae4d10000 - 0x00007ffae4d1a000 	C:\WINDOWS\System32\FLTLIB.DLL
0x00007ffade290000 - 0x00007ffade2aa000 	C:\Program Files\Android\Android Studio\jre\jre\bin\net.dll
0x00007ffae4500000 - 0x00007ffae4566000 	C:\WINDOWS\system32\mswsock.dll
0x00007ffad91d0000 - 0x00007ffad91e1000 	C:\Program Files\Android\Android Studio\jre\jre\bin\nio.dll
0x00007ffac27a0000 - 0x00007ffac27c6000 	C:\Users\madha\.gradle\native\29\windows-amd64\native-platform.dll
0x00007ffadfbf0000 - 0x00007ffadfbfd000 	C:\Program Files\Android\Android Studio\jre\jre\bin\management.dll
0x00007ffae46b0000 - 0x00007ffae46c7000 	C:\WINDOWS\SYSTEM32\CRYPTSP.dll
0x00007ffae40b0000 - 0x00007ffae40e3000 	C:\WINDOWS\system32\rsaenh.dll
0x00007ffae47e0000 - 0x00007ffae4805000 	C:\WINDOWS\SYSTEM32\bcrypt.dll
0x00007ffae4b80000 - 0x00007ffae4ba8000 	C:\WINDOWS\SYSTEM32\USERENV.dll
0x00007ffae46d0000 - 0x00007ffae46db000 	C:\WINDOWS\SYSTEM32\CRYPTBASE.dll
0x00007ffae4250000 - 0x00007ffae4288000 	C:\WINDOWS\SYSTEM32\IPHLPAPI.DLL
0x00007ffae5e80000 - 0x00007ffae5e88000 	C:\WINDOWS\System32\NSI.dll
0x00007ffadc500000 - 0x00007ffadc516000 	C:\WINDOWS\SYSTEM32\dhcpcsvc6.DLL
0x00007ffadc540000 - 0x00007ffadc55a000 	C:\WINDOWS\SYSTEM32\dhcpcsvc.DLL
0x00007ffab77b0000 - 0x00007ffab794c000 	C:\Program Files\Android\Android Studio\jre\jre\bin\awt.dll
0x00007ffae8870000 - 0x00007ffae8932000 	C:\WINDOWS\System32\OLEAUT32.dll
0x00007ffae33d0000 - 0x00007ffae33f9000 	C:\WINDOWS\SYSTEM32\dwmapi.dll
0x00007ffae24b0000 - 0x00007ffae2a77000 	C:\WINDOWS\SYSTEM32\d2d1.dll
0x00007ffae2fc0000 - 0x00007ffae304b000 	C:\WINDOWS\SYSTEM32\apphelp.dll
0x00007ffae3180000 - 0x00007ffae3218000 	C:\WINDOWS\system32\uxtheme.dll

VM Arguments:
jvm_args: -Xmx1536m -Dfile.encoding=windows-1252 -Duser.country=IN -Duser.language=en -Duser.variant 
java_command: org.gradle.launcher.daemon.bootstrap.GradleDaemon 5.4.1
java_class_path (initial): C:\Users\madha\.gradle\wrapper\dists\gradle-5.4.1-all\3221gyojl5jsh0helicew7rwx\gradle-5.4.1\lib\gradle-launcher-5.4.1.jar
Launcher Type: SUN_STANDARD

Environment Variables:
PATH=C:\Windows\system32;C:\Windows;C:\Windows\System32\Wbem;C:\Windows\System32\WindowsPowerShell\v1.0\;%SystemRoot%\system32;%SystemRoot%;%SystemRoot%\System32\Wbem;%SYSTEMROOT%\System32\WindowsPowerShell\v1.0\;%SYSTEMROOT%\System32\OpenSSH\;C:\Program Files\NVIDIA Corporation\NVIDIA NvDLISR;"C:\Users\madha\AppData\Local\Microsoft\WindowsApps;C:\Program Files\Java\jdk-12.0.2\bin;";C:\Program Files\JetBrains\IntelliJ IDEA 2019.2\bin;;
USERNAME=madha
OS=Windows_NT
PROCESSOR_IDENTIFIER=Intel64 Family 6 Model 142 Stepping 10, GenuineIntel



---------------  S Y S T E M  ---------------

OS: Windows 10.0 , 64 bit Build 17134 (10.0.17134.753)

CPU:total 8 (initial active 8) (4 cores per cpu, 2 threads per core) family 6 model 142 stepping 10, cmov, cx8, fxsr, mmx, sse, sse2, sse3, ssse3, sse4.1, sse4.2, popcnt, avx, avx2, aes, clmul, erms, 3dnowpref, lzcnt, ht, tsc, tscinvbit, bmi1, bmi2, adx

Memory: 4k page, physical 8261220k(392084k free), swap 10210916k(16244k free)

vm_info: OpenJDK 64-Bit Server VM (25.202-b03) for windows-amd64 JRE (1.8.0_202-release-1483-b03), built by "builder" with MS VC++ 10.0 (VS2010)

time: Sat Aug 24 12:18:01 2019
timezone: India Standard Time
elapsed time: 511 seconds (0d 0h 8m 31s)

